{
  "stats": {
    "suites": 1,
    "tests": 10,
    "passes": 9,
    "pending": 0,
    "failures": 1,
    "start": "2021-11-09T23:10:34.279Z",
    "end": "2021-11-09T23:10:52.826Z",
    "duration": 18547,
    "testsRegistered": 10,
    "passPercent": 90,
    "pendingPercent": 0,
    "other": 0,
    "hasOther": false,
    "skipped": 0,
    "hasSkipped": false
  },
  "results": [
    {
      "uuid": "0b2abb94-7d8d-44e1-a22d-58eb2a4e5b4a",
      "title": "",
      "fullFile": "cypress/integration/test-LK/tests_page1.spec.js",
      "file": "cypress/integration/test-LK/tests_page1.spec.js",
      "beforeHooks": [],
      "afterHooks": [],
      "tests": [],
      "suites": [
        {
          "uuid": "3f10e85f-85fd-4fcf-85c3-2e33d0c7e136",
          "title": "Page 1 tests",
          "fullFile": "",
          "file": "",
          "beforeHooks": [],
          "afterHooks": [],
          "tests": [
            {
              "title": "page 1 loads successfully",
              "fullTitle": "Page 1 tests page 1 loads successfully",
              "timedOut": null,
              "duration": 2730,
              "state": "passed",
              "speed": "fast",
              "pass": true,
              "fail": false,
              "pending": false,
              "context": null,
              "code": "//initial test that the page loads and the basic header is present\ncy.visit(\"/\");\ncy.get('h5.MuiTypography-root').should('be.visible');",
              "err": {},
              "uuid": "255dad4c-c7bc-40ba-80f1-836b575f35f3",
              "parentUUID": "3f10e85f-85fd-4fcf-85c3-2e33d0c7e136",
              "isHook": false,
              "skipped": false
            },
            {
              "title": "page 1 top bar has all the elements",
              "fullTitle": "Page 1 tests page 1 top bar has all the elements",
              "timedOut": null,
              "duration": 322,
              "state": "passed",
              "speed": "fast",
              "pass": true,
              "fail": false,
              "pending": false,
              "context": null,
              "code": "//checking that the header has the Charts title:\ncy.get('h5.MuiTypography-root').should('contain', 'Charts'); //checking that the create button to navigate to page 2 is present:\ncy.get('.createButton').should('contain', 'Create'); //checking that the search button is visible\ncy.get('input[placeholder=\"Search charts\"').should('be.visible');",
              "err": {},
              "uuid": "423df509-de01-4747-a8d4-37a9e242b381",
              "parentUUID": "3f10e85f-85fd-4fcf-85c3-2e33d0c7e136",
              "isHook": false,
              "skipped": false
            },
            {
              "title": "page 1 has the table of the charts, with the correct structure",
              "fullTitle": "Page 1 tests page 1 has the table of the charts, with the correct structure",
              "timedOut": null,
              "duration": 434,
              "state": "passed",
              "speed": "fast",
              "pass": true,
              "fail": false,
              "pending": false,
              "context": null,
              "code": "//checking the titles for the 3 columns of the table have the expected titles\ncy.get('.header > div:nth-child(1) > p:nth-child(1) > button:nth-child(1) > span:nth-child(1)').should('contain', 'Name');\ncy.get('.header > div:nth-child(2) > p:nth-child(1) > button:nth-child(1) > span:nth-child(1)').should('contain', 'Date created');\ncy.get('.header > div:nth-child(3) > p:nth-child(1) > button:nth-child(1) > span:nth-child(1)').should('contain', 'Last modified');",
              "err": {},
              "uuid": "65790516-3a62-44ee-91d6-243c66504efc",
              "parentUUID": "3f10e85f-85fd-4fcf-85c3-2e33d0c7e136",
              "isHook": false,
              "skipped": false
            },
            {
              "title": "table content is correct, and default sorting by name is correct",
              "fullTitle": "Page 1 tests table content is correct, and default sorting by name is correct",
              "timedOut": null,
              "duration": 305,
              "state": "passed",
              "speed": "fast",
              "pass": true,
              "fail": false,
              "pending": false,
              "context": null,
              "code": "var NamesT = ['Chart 1', 'Chart 2', 'Chart 5', 'My awesome test 4', 'Test 3'];\nfor (var i = 2; i < 7; i++) {\n  var z = i - 2; //cy.log(z)\n  //cy.log(NamesT[z])\n  cy.get('div.MuiGrid-root:nth-child(' + i + ') > div:nth-child(1) > p:nth-child(1)').contains(NamesT[z]);\n}",
              "err": {},
              "uuid": "3d13f4fc-e11f-419c-96a7-a6bfaece6543",
              "parentUUID": "3f10e85f-85fd-4fcf-85c3-2e33d0c7e136",
              "isHook": false,
              "skipped": false
            },
            {
              "title": "table sorting by date created is as expected",
              "fullTitle": "Page 1 tests table sorting by date created is as expected",
              "timedOut": null,
              "duration": 1510,
              "state": "passed",
              "speed": "fast",
              "pass": true,
              "fail": false,
              "pending": false,
              "context": null,
              "code": "var NamesT = ['Chart 2', 'Chart 5', 'My awesome test 4', 'Test 3', 'Chart 1'];\nvar CreatedT = ['29 Mar 2021', '31 May 2021', '31 May 2021', '13 Jul 2021', '13 Sep 2021'];\ncy.get('.header > div:nth-child(2) > p:nth-child(1) > button:nth-child(1) > span:nth-child(1)').click();\nfor (var i = 2; i < 7; i++) {\n  var z = i - 2;\n  cy.get('div.MuiGrid-root:nth-child(' + i + ') > div:nth-child(1) > p:nth-child(1)').contains(NamesT[z]);\n  cy.get('div.MuiGrid-container:nth-child(' + i + ') > div:nth-child(2) > p:nth-child(1)').contains(CreatedT[z]);\n}",
              "err": {},
              "uuid": "929a4f12-90fc-4e50-85ca-26458113ca7e",
              "parentUUID": "3f10e85f-85fd-4fcf-85c3-2e33d0c7e136",
              "isHook": false,
              "skipped": false
            },
            {
              "title": "table sorting by last modified is as expected",
              "fullTitle": "Page 1 tests table sorting by last modified is as expected",
              "timedOut": null,
              "duration": 5011,
              "state": "failed",
              "speed": null,
              "pass": false,
              "fail": true,
              "pending": false,
              "context": null,
              "code": "var NamesT = ['Chart 1', 'Test 3', 'Chart 5', 'Chart 5', 'My awesome test 4', 'Chart 2'];\nvar CreatedT = ['13 Sep 2021', '13 Jul 2021', '31 May 2021', '31 May 2021', '29 Mar 2021'];\nvar LatestT = ['13 Sep 2021', '13 Jul 2021', '31 May 2021', '31 May 2021', '29 Mar 2021'];\ncy.get('.header > div:nth-child(3) > p:nth-child(1) > button:nth-child(1) > span:nth-child(1)').click();\nfor (var i = 2; i < 7; i++) {\n  var z = i - 2;\n  cy.get('div.MuiGrid-root:nth-child(' + i + ') > div:nth-child(1) > p:nth-child(1)').contains(NamesT[z]);\n  cy.get('div.MuiGrid-container:nth-child(' + i + ') > div:nth-child(2) > p:nth-child(1)').contains(CreatedT[z]);\n  cy.get('div.MuiGrid-container:nth-child(' + i + ') > div:nth-child(3) > p:nth-child(1)').contains(LatestT[z]);\n}",
              "err": {
                "message": "AssertionError: Timed out retrying after 4000ms: Expected to find content: 'Chart 1' within the element: <p.MuiTypography-root.MuiTypography-body1> but never did.",
                "estack": "AssertionError: Timed out retrying after 4000ms: Expected to find content: 'Chart 1' within the element: <p.MuiTypography-root.MuiTypography-body1> but never did.\n    at Context.eval (http://localhost:3000/__cypress/tests?p=cypress/integration/test-LK/tests_page1.spec.js:153:91)",
                "diff": null
              },
              "uuid": "362a66fe-d7f7-4da4-9ca5-c53753e43a0c",
              "parentUUID": "3f10e85f-85fd-4fcf-85c3-2e33d0c7e136",
              "isHook": false,
              "skipped": false
            },
            {
              "title": "Search works as expected when searching with the beginning of the word",
              "fullTitle": "Page 1 tests Search works as expected when searching with the beginning of the word",
              "timedOut": null,
              "duration": 2603,
              "state": "passed",
              "speed": "fast",
              "pass": true,
              "fail": false,
              "pending": false,
              "context": null,
              "code": "cy.get('.MuiFormControl-root').type('Char');\ncy.wait(1000);\ncy.contains('Chart 2');\ncy.contains('Chart 1');\ncy.contains('Chart 5');\ncy.get('.root').should('not.contain', 'Test 3');\ncy.get('.root').should('not.contain', 'My awesome test 4');\ncy.get('.MuiFormControl-root').clear();",
              "err": {},
              "uuid": "2369d315-4d87-4539-968b-24019a196baf",
              "parentUUID": "3f10e85f-85fd-4fcf-85c3-2e33d0c7e136",
              "isHook": false,
              "skipped": false
            },
            {
              "title": "Search works as expected when searching with part of the word (e.g a letter in the middle)",
              "fullTitle": "Page 1 tests Search works as expected when searching with part of the word (e.g a letter in the middle)",
              "timedOut": null,
              "duration": 2062,
              "state": "passed",
              "speed": "fast",
              "pass": true,
              "fail": false,
              "pending": false,
              "context": null,
              "code": "cy.get('.MuiFormControl-root').type('a');\ncy.wait(1000);\ncy.contains('Chart 2');\nfor (var i = 2; i < 6; i++) {\n  cy.get('div.MuiGrid-container:nth-child(' + i + ') > div:nth-child(1) > p:nth-child(1)').contains('a');\n}\ncy.get('.root').contains('My awesome test 4');\ncy.get('.root').should('not.contain', 'Test 3');\ncy.get('.MuiFormControl-root').clear();",
              "err": {},
              "uuid": "a9316965-50ca-473d-8b63-931b7d3613d9",
              "parentUUID": "3f10e85f-85fd-4fcf-85c3-2e33d0c7e136",
              "isHook": false,
              "skipped": false
            },
            {
              "title": "Search works as expected when searching with the end of the name",
              "fullTitle": "Page 1 tests Search works as expected when searching with the end of the name",
              "timedOut": null,
              "duration": 1900,
              "state": "passed",
              "speed": "fast",
              "pass": true,
              "fail": false,
              "pending": false,
              "context": null,
              "code": "cy.get('.MuiFormControl-root').type(' 3');\ncy.wait(1000);\ncy.contains('Test 3');\ncy.get('.root').should('not.contain', 'Chart');\ncy.get('.root').should('not.contain', 'awesome');\ncy.get('.MuiFormControl-root').clear();",
              "err": {},
              "uuid": "33cb1416-716f-4208-9b1d-a783b8d2a65e",
              "parentUUID": "3f10e85f-85fd-4fcf-85c3-2e33d0c7e136",
              "isHook": false,
              "skipped": false
            },
            {
              "title": "Create chart button to page 2",
              "fullTitle": "Page 1 tests Create chart button to page 2",
              "timedOut": null,
              "duration": 647,
              "state": "passed",
              "speed": "fast",
              "pass": true,
              "fail": false,
              "pending": false,
              "context": null,
              "code": "cy.get('.createButton').click();\ncy.location('pathname').should('eq', '/Page2');\ncy.get('.MuiButton-label').click(); //involves testing of page 2, but included for completeness\ncy.location('pathname').should('eq', '/');",
              "err": {},
              "uuid": "c46db18d-7537-4ad1-a604-d621c18558f0",
              "parentUUID": "3f10e85f-85fd-4fcf-85c3-2e33d0c7e136",
              "isHook": false,
              "skipped": false
            }
          ],
          "suites": [],
          "passes": [
            "255dad4c-c7bc-40ba-80f1-836b575f35f3",
            "423df509-de01-4747-a8d4-37a9e242b381",
            "65790516-3a62-44ee-91d6-243c66504efc",
            "3d13f4fc-e11f-419c-96a7-a6bfaece6543",
            "929a4f12-90fc-4e50-85ca-26458113ca7e",
            "2369d315-4d87-4539-968b-24019a196baf",
            "a9316965-50ca-473d-8b63-931b7d3613d9",
            "33cb1416-716f-4208-9b1d-a783b8d2a65e",
            "c46db18d-7537-4ad1-a604-d621c18558f0"
          ],
          "failures": [
            "362a66fe-d7f7-4da4-9ca5-c53753e43a0c"
          ],
          "pending": [],
          "skipped": [],
          "duration": 17524,
          "root": false,
          "rootEmpty": false,
          "_timeout": 2000
        }
      ],
      "passes": [],
      "failures": [],
      "pending": [],
      "skipped": [],
      "duration": 0,
      "root": true,
      "rootEmpty": true,
      "_timeout": 2000
    }
  ],
  "meta": {
    "mocha": {
      "version": "7.0.1"
    },
    "mochawesome": {
      "options": {
        "quiet": false,
        "reportFilename": "mochawesome",
        "saveHtml": true,
        "saveJson": true,
        "consoleReporter": "spec",
        "useInlineDiffs": false,
        "code": true
      },
      "version": "7.0.0"
    },
    "marge": {
      "options": {
        "id": "default",
        "reportDir": "cypress/reports/mocha",
        "quite": true,
        "html": true,
        "json": true
      },
      "version": "6.0.0"
    }
  }
}